<?xml version="1.0" encoding="UTF-8"?>
<coverage generated="1733913304083" clover="3.2.0">
  <project timestamp="1733913304083" name="All files">
    <metrics statements="25" coveredstatements="22" conditionals="10" coveredconditionals="9" methods="9" coveredmethods="6" elements="44" coveredelements="37" complexity="0" loc="25" ncloc="25" packages="2" files="2" classes="2"/>
    <package name="components">
      <metrics statements="5" coveredstatements="5" conditionals="0" coveredconditionals="0" methods="1" coveredmethods="1"/>
      <file name="HeroComponent.tsx" path="C:\Users\UsEr\OneDrive\Dokumen\lumoshive\mini-proyek\mini-proyek-10\src\components\HeroComponent.tsx">
        <metrics statements="5" coveredstatements="5" conditionals="0" coveredconditionals="0" methods="1" coveredmethods="1"/>
        <line num="2" count="1" type="stmt"/>
        <line num="3" count="1" type="stmt"/>
        <line num="5" count="1" type="stmt"/>
        <line num="6" count="5" type="stmt"/>
        <line num="34" count="1" type="stmt"/>
      </file>
    </package>
    <package name="layouts">
      <metrics statements="20" coveredstatements="17" conditionals="10" coveredconditionals="9" methods="8" coveredmethods="5"/>
      <file name="NavbarLayout.tsx" path="C:\Users\UsEr\OneDrive\Dokumen\lumoshive\mini-proyek\mini-proyek-10\src\layouts\NavbarLayout.tsx">
        <metrics statements="20" coveredstatements="17" conditionals="10" coveredconditionals="9" methods="8" coveredmethods="5"/>
        <line num="1" count="1" type="stmt"/>
        <line num="3" count="1" type="stmt"/>
        <line num="4" count="4" type="stmt"/>
        <line num="5" count="4" type="stmt"/>
        <line num="6" count="4" type="stmt"/>
        <line num="8" count="4" type="stmt"/>
        <line num="9" count="3" type="stmt"/>
        <line num="10" count="1" type="stmt"/>
        <line num="11" count="1" type="stmt"/>
        <line num="14" count="3" type="stmt"/>
        <line num="15" count="3" type="stmt"/>
        <line num="16" count="3" type="stmt"/>
        <line num="20" count="4" type="stmt"/>
        <line num="21" count="0" type="stmt"/>
        <line num="24" count="4" type="stmt"/>
        <line num="25" count="0" type="stmt"/>
        <line num="28" count="4" type="stmt"/>
        <line num="35" count="16" type="stmt"/>
        <line num="56" count="0" type="stmt"/>
        <line num="74" count="1" type="stmt"/>
      </file>
    </package>
  </project>
</coverage>
