{"C:\\Users\\UsEr\\OneDrive\\Dokumen\\lumoshive\\mini-proyek\\mini-proyek-10\\src\\components\\HeroComponent.tsx": {"path":"C:\\Users\\UsEr\\OneDrive\\Dokumen\\lumoshive\\mini-proyek\\mini-proyek-10\\src\\components\\HeroComponent.tsx","statementMap":{"0":{"start":{"line":2,"column":0},"end":{"line":2,"column":51}},"1":{"start":{"line":3,"column":0},"end":{"line":3,"column":45}},"2":{"start":{"line":5,"column":32},"end":{"line":32,"column":1}},"3":{"start":{"line":6,"column":2},"end":{"line":31,"column":4}},"4":{"start":{"line":34,"column":0},"end":{"line":34,"column":29}}},"fnMap":{"0":{"name":"(anonymous_1)","decl":{"start":{"line":5,"column":32},"end":{"line":5,"column":35}},"loc":{"start":{"line":5,"column":37},"end":{"line":32,"column":1}}}},"branchMap":{},"s":{"0":1,"1":1,"2":1,"3":5,"4":1},"f":{"0":5},"b":{}}
,"C:\\Users\\UsEr\\OneDrive\\Dokumen\\lumoshive\\mini-proyek\\mini-proyek-10\\src\\layouts\\NavbarLayout.tsx": {"path":"C:\\Users\\UsEr\\OneDrive\\Dokumen\\lumoshive\\mini-proyek\\mini-proyek-10\\src\\layouts\\NavbarLayout.tsx","statementMap":{"0":{"start":{"line":1,"column":2},"end":{"line":1,"column":53}},"1":{"start":{"line":3,"column":33},"end":{"line":72,"column":3}},"2":{"start":{"line":4,"column":30},"end":{"line":4,"column":70}},"3":{"start":{"line":5,"column":40},"end":{"line":5,"column":64}},"4":{"start":{"line":6,"column":40},"end":{"line":6,"column":64}},"5":{"start":{"line":8,"column":4},"end":{"line":18,"column":11}},"6":{"start":{"line":9,"column":27},"end":{"line":12,"column":7}},"7":{"start":{"line":10,"column":26},"end":{"line":10,"column":40}},"8":{"start":{"line":11,"column":8},"end":{"line":11,"column":54}},"9":{"start":{"line":14,"column":6},"end":{"line":14,"column":54}},"10":{"start":{"line":15,"column":6},"end":{"line":17,"column":8}},"11":{"start":{"line":16,"column":8},"end":{"line":16,"column":59}},"12":{"start":{"line":20,"column":23},"end":{"line":22,"column":5}},"13":{"start":{"line":21,"column":6},"end":{"line":21,"column":33}},"14":{"start":{"line":24,"column":22},"end":{"line":26,"column":5}},"15":{"start":{"line":25,"column":6},"end":{"line":25,"column":27}},"16":{"start":{"line":28,"column":4},"end":{"line":71,"column":6}},"17":{"start":{"line":35,"column":16},"end":{"line":35,"column":null}},"18":{"start":{"line":56,"column":16},"end":{"line":56,"column":null}},"19":{"start":{"line":74,"column":2},"end":{"line":74,"column":30}}},"fnMap":{"0":{"name":"(anonymous_0)","decl":{"start":{"line":3,"column":33},"end":{"line":3,"column":36}},"loc":{"start":{"line":3,"column":38},"end":{"line":72,"column":3}}},"1":{"name":"(anonymous_1)","decl":{"start":{"line":8,"column":14},"end":{"line":8,"column":17}},"loc":{"start":{"line":8,"column":19},"end":{"line":18,"column":5}}},"2":{"name":"(anonymous_2)","decl":{"start":{"line":9,"column":27},"end":{"line":9,"column":36}},"loc":{"start":{"line":9,"column":38},"end":{"line":12,"column":7}}},"3":{"name":"(anonymous_3)","decl":{"start":{"line":15,"column":13},"end":{"line":15,"column":16}},"loc":{"start":{"line":15,"column":18},"end":{"line":17,"column":7}}},"4":{"name":"(anonymous_4)","decl":{"start":{"line":20,"column":23},"end":{"line":20,"column":32}},"loc":{"start":{"line":20,"column":34},"end":{"line":22,"column":5}}},"5":{"name":"(anonymous_5)","decl":{"start":{"line":24,"column":22},"end":{"line":24,"column":31}},"loc":{"start":{"line":24,"column":33},"end":{"line":26,"column":5}}},"6":{"name":"(anonymous_6)","decl":{"start":{"line":34,"column":27},"end":{"line":34,"column":28}},"loc":{"start":{"line":35,"column":16},"end":{"line":35,"column":null}}},"7":{"name":"(anonymous_7)","decl":{"start":{"line":55,"column":27},"end":{"line":55,"column":28}},"loc":{"start":{"line":56,"column":16},"end":{"line":56,"column":null}}}},"branchMap":{"0":{"loc":{"start":{"line":30,"column":89},"end":{"line":30,"column":141}},"type":"cond-expr","locations":[{"start":{"line":30,"column":102},"end":{"line":30,"column":122}},{"start":{"line":30,"column":125},"end":{"line":30,"column":141}}]},"1":{"loc":{"start":{"line":32,"column":49},"end":{"line":32,"column":89}},"type":"cond-expr","locations":[{"start":{"line":32,"column":62},"end":{"line":32,"column":74}},{"start":{"line":32,"column":77},"end":{"line":32,"column":89}}]},"2":{"loc":{"start":{"line":36,"column":45},"end":{"line":36,"column":85}},"type":"cond-expr","locations":[{"start":{"line":36,"column":58},"end":{"line":36,"column":70}},{"start":{"line":36,"column":73},"end":{"line":36,"column":85}}]},"3":{"loc":{"start":{"line":44,"column":43},"end":{"line":44,"column":83}},"type":"cond-expr","locations":[{"start":{"line":44,"column":56},"end":{"line":44,"column":68}},{"start":{"line":44,"column":71},"end":{"line":44,"column":83}}]},"4":{"loc":{"start":{"line":52,"column":9},"end":{"line":68,"column":null}},"type":"binary-expr","locations":[{"start":{"line":52,"column":9},"end":{"line":52,"column":19}},{"start":{"line":53,"column":10},"end":{"line":67,"column":null}}]}},"s":{"0":1,"1":1,"2":4,"3":4,"4":4,"5":4,"6":3,"7":1,"8":1,"9":3,"10":3,"11":3,"12":4,"13":0,"14":4,"15":0,"16":4,"17":16,"18":0,"19":1},"f":{"0":4,"1":3,"2":1,"3":3,"4":0,"5":0,"6":16,"7":0},"b":{"0":[1,3],"1":[1,3],"2":[4,12],"3":[1,3],"4":[4,0]}}
}
