{"C:\\Users\\UsEr\\OneDrive\\Dokumen\\lumoshive\\mini-proyek\\mini-proyek-10\\src\\components\\AboutUsComponent.tsx": {"path":"C:\\Users\\UsEr\\OneDrive\\Dokumen\\lumoshive\\mini-proyek\\mini-proyek-10\\src\\components\\AboutUsComponent.tsx","statementMap":{"0":{"start":{"line":1,"column":0},"end":{"line":1,"column":41}},"1":{"start":{"line":2,"column":0},"end":{"line":2,"column":55}},"2":{"start":{"line":3,"column":0},"end":{"line":3,"column":77}},"3":{"start":{"line":5,"column":0},"end":{"line":5,"column":45}},"4":{"start":{"line":6,"column":0},"end":{"line":6,"column":57}},"5":{"start":{"line":8,"column":35},"end":{"line":84,"column":1}},"6":{"start":{"line":9,"column":32},"end":{"line":9,"column":45}},"7":{"start":{"line":10,"column":53},"end":{"line":10,"column":106}},"8":{"start":{"line":10,"column":87},"end":{"line":10,"column":105}},"9":{"start":{"line":12,"column":2},"end":{"line":14,"column":23}},"10":{"start":{"line":13,"column":4},"end":{"line":13,"column":42}},"11":{"start":{"line":16,"column":21},"end":{"line":18,"column":3}},"12":{"start":{"line":17,"column":4},"end":{"line":17,"column":46}},"13":{"start":{"line":17,"column":18},"end":{"line":17,"column":46}},"14":{"start":{"line":20,"column":21},"end":{"line":22,"column":3}},"15":{"start":{"line":21,"column":4},"end":{"line":21,"column":55}},"16":{"start":{"line":21,"column":27},"end":{"line":21,"column":55}},"17":{"start":{"line":24,"column":2},"end":{"line":83,"column":4}},"18":{"start":{"line":86,"column":0},"end":{"line":86,"column":32}}},"fnMap":{"0":{"name":"(anonymous_1)","decl":{"start":{"line":8,"column":35},"end":{"line":8,"column":38}},"loc":{"start":{"line":8,"column":40},"end":{"line":84,"column":1}}},"1":{"name":"(anonymous_2)","decl":{"start":{"line":10,"column":65},"end":{"line":10,"column":66}},"loc":{"start":{"line":10,"column":87},"end":{"line":10,"column":105}}},"2":{"name":"(anonymous_3)","decl":{"start":{"line":12,"column":12},"end":{"line":12,"column":15}},"loc":{"start":{"line":12,"column":17},"end":{"line":14,"column":3}}},"3":{"name":"(anonymous_4)","decl":{"start":{"line":16,"column":21},"end":{"line":16,"column":24}},"loc":{"start":{"line":16,"column":26},"end":{"line":18,"column":3}}},"4":{"name":"(anonymous_5)","decl":{"start":{"line":20,"column":21},"end":{"line":20,"column":24}},"loc":{"start":{"line":20,"column":26},"end":{"line":22,"column":3}}}},"branchMap":{"0":{"loc":{"start":{"line":17,"column":4},"end":{"line":17,"column":46}},"type":"if","locations":[{"start":{"line":17,"column":4},"end":{"line":17,"column":46}}]},"1":{"loc":{"start":{"line":21,"column":4},"end":{"line":21,"column":55}},"type":"if","locations":[{"start":{"line":21,"column":4},"end":{"line":21,"column":55}}]},"2":{"loc":{"start":{"line":31,"column":11},"end":{"line":34,"column":null}},"type":"binary-expr","locations":[{"start":{"line":31,"column":11},"end":{"line":31,"column":31}},{"start":{"line":32,"column":12},"end":{"line":33,"column":null}}]},"3":{"loc":{"start":{"line":36,"column":11},"end":{"line":39,"column":null}},"type":"binary-expr","locations":[{"start":{"line":36,"column":11},"end":{"line":36,"column":30}},{"start":{"line":37,"column":12},"end":{"line":38,"column":null}}]},"4":{"loc":{"start":{"line":41,"column":11},"end":{"line":71,"column":null}},"type":"binary-expr","locations":[{"start":{"line":41,"column":11},"end":{"line":41,"column":33}},{"start":{"line":41,"column":37},"end":{"line":41,"column":60}},{"start":{"line":42,"column":12},"end":{"line":70,"column":null}}]},"5":{"loc":{"start":{"line":58,"column":105},"end":{"line":58,"column":201}},"type":"cond-expr","locations":[{"start":{"line":58,"column":118},"end":{"line":58,"column":161}},{"start":{"line":58,"column":164},"end":{"line":58,"column":201}}]},"6":{"loc":{"start":{"line":65,"column":98},"end":{"line":65,"column":208}},"type":"cond-expr","locations":[{"start":{"line":65,"column":120},"end":{"line":65,"column":163}},{"start":{"line":65,"column":166},"end":{"line":65,"column":208}}]}},"s":{"0":1,"1":1,"2":1,"3":1,"4":1,"5":1,"6":9,"7":9,"8":18,"9":9,"10":9,"11":9,"12":0,"13":0,"14":9,"15":1,"16":1,"17":9,"18":1},"f":{"0":9,"1":18,"2":9,"3":0,"4":1},"b":{"0":[0],"1":[1],"2":[9,2],"3":[9,1],"4":[9,6,5],"5":[4,1],"6":[2,3]}}
,"C:\\Users\\UsEr\\OneDrive\\Dokumen\\lumoshive\\mini-proyek\\mini-proyek-10\\src\\components\\AllProductComponent.tsx": {"path":"C:\\Users\\UsEr\\OneDrive\\Dokumen\\lumoshive\\mini-proyek\\mini-proyek-10\\src\\components\\AllProductComponent.tsx","statementMap":{"0":{"start":{"line":2,"column":0},"end":{"line":2,"column":41}},"1":{"start":{"line":3,"column":0},"end":{"line":3,"column":55}},"2":{"start":{"line":4,"column":0},"end":{"line":4,"column":69}},"3":{"start":{"line":7,"column":38},"end":{"line":83,"column":1}},"4":{"start":{"line":8,"column":32},"end":{"line":8,"column":45}},"5":{"start":{"line":9,"column":56},"end":{"line":9,"column":105}},"6":{"start":{"line":9,"column":90},"end":{"line":9,"column":104}},"7":{"start":{"line":11,"column":2},"end":{"line":13,"column":23}},"8":{"start":{"line":12,"column":4},"end":{"line":12,"column":38}},"9":{"start":{"line":15,"column":27},"end":{"line":19,"column":3}},"10":{"start":{"line":16,"column":4},"end":{"line":18,"column":5}},"11":{"start":{"line":17,"column":6},"end":{"line":17,"column":33}},"12":{"start":{"line":21,"column":28},"end":{"line":24,"column":3}},"13":{"start":{"line":22,"column":23},"end":{"line":22,"column":46}},"14":{"start":{"line":23,"column":4},"end":{"line":23,"column":126}},"15":{"start":{"line":26,"column":35},"end":{"line":26,"column":65}},"16":{"start":{"line":28,"column":2},"end":{"line":82,"column":4}},"17":{"start":{"line":43,"column":60},"end":{"line":56,"column":12}},"18":{"start":{"line":64,"column":31},"end":{"line":64,"column":57}},"19":{"start":{"line":70,"column":12},"end":{"line":70,"column":36}},"20":{"start":{"line":70,"column":51},"end":{"line":70,"column":78}},"21":{"start":{"line":75,"column":25},"end":{"line":75,"column":51}},"22":{"start":{"line":85,"column":0},"end":{"line":85,"column":35}}},"fnMap":{"0":{"name":"(anonymous_0)","decl":{"start":{"line":7,"column":38},"end":{"line":7,"column":41}},"loc":{"start":{"line":7,"column":43},"end":{"line":83,"column":1}}},"1":{"name":"(anonymous_1)","decl":{"start":{"line":9,"column":68},"end":{"line":9,"column":69}},"loc":{"start":{"line":9,"column":90},"end":{"line":9,"column":104}}},"2":{"name":"(anonymous_2)","decl":{"start":{"line":11,"column":12},"end":{"line":11,"column":15}},"loc":{"start":{"line":11,"column":17},"end":{"line":13,"column":3}}},"3":{"name":"(anonymous_3)","decl":{"start":{"line":15,"column":27},"end":{"line":15,"column":28}},"loc":{"start":{"line":15,"column":47},"end":{"line":19,"column":3}}},"4":{"name":"(anonymous_4)","decl":{"start":{"line":21,"column":28},"end":{"line":21,"column":29}},"loc":{"start":{"line":21,"column":63},"end":{"line":24,"column":3}}},"5":{"name":"(anonymous_5)","decl":{"start":{"line":43,"column":40},"end":{"line":43,"column":41}},"loc":{"start":{"line":43,"column":59},"end":{"line":56,"column":12}}},"6":{"name":"(anonymous_6)","decl":{"start":{"line":64,"column":25},"end":{"line":64,"column":28}},"loc":{"start":{"line":64,"column":31},"end":{"line":64,"column":57}}},"7":{"name":"(anonymous_7)","decl":{"start":{"line":69,"column":46},"end":{"line":69,"column":47}},"loc":{"start":{"line":70,"column":12},"end":{"line":70,"column":36}}},"8":{"name":"(anonymous_8)","decl":{"start":{"line":70,"column":45},"end":{"line":70,"column":48}},"loc":{"start":{"line":70,"column":51},"end":{"line":70,"column":78}}},"9":{"name":"(anonymous_9)","decl":{"start":{"line":75,"column":19},"end":{"line":75,"column":22}},"loc":{"start":{"line":75,"column":25},"end":{"line":75,"column":51}}}},"branchMap":{"0":{"loc":{"start":{"line":16,"column":4},"end":{"line":18,"column":5}},"type":"if","locations":[{"start":{"line":16,"column":4},"end":{"line":18,"column":5}}]},"1":{"loc":{"start":{"line":16,"column":8},"end":{"line":16,"column":45}},"type":"binary-expr","locations":[{"start":{"line":16,"column":8},"end":{"line":16,"column":20}},{"start":{"line":16,"column":24},"end":{"line":16,"column":45}}]},"2":{"loc":{"start":{"line":33,"column":7},"end":{"line":36,"column":null}},"type":"binary-expr","locations":[{"start":{"line":33,"column":7},"end":{"line":33,"column":27}},{"start":{"line":34,"column":8},"end":{"line":35,"column":null}}]},"3":{"loc":{"start":{"line":39,"column":7},"end":{"line":39,"column":88}},"type":"binary-expr","locations":[{"start":{"line":39,"column":7},"end":{"line":39,"column":26}},{"start":{"line":39,"column":30},"end":{"line":39,"column":88}}]},"4":{"loc":{"start":{"line":41,"column":7},"end":{"line":57,"column":null}},"type":"binary-expr","locations":[{"start":{"line":41,"column":7},"end":{"line":41,"column":29}},{"start":{"line":42,"column":8},"end":{"line":56,"column":null}}]},"5":{"loc":{"start":{"line":44,"column":137},"end":{"line":44,"column":163}},"type":"binary-expr","locations":[{"start":{"line":44,"column":137},"end":{"line":44,"column":148}},{"start":{"line":44,"column":152},"end":{"line":44,"column":163}}]},"6":{"loc":{"start":{"line":45,"column":57},"end":{"line":45,"column":171}},"type":"binary-expr","locations":[{"start":{"line":45,"column":57},"end":{"line":45,"column":70}},{"start":{"line":45,"column":74},"end":{"line":45,"column":171}}]},"7":{"loc":{"start":{"line":46,"column":15},"end":{"line":53,"column":null}},"type":"binary-expr","locations":[{"start":{"line":46,"column":15},"end":{"line":46,"column":25}},{"start":{"line":47,"column":16},"end":{"line":52,"column":null}}]},"8":{"loc":{"start":{"line":50,"column":84},"end":{"line":50,"column":152}},"type":"binary-expr","locations":[{"start":{"line":50,"column":84},"end":{"line":50,"column":124}},{"start":{"line":50,"column":128},"end":{"line":50,"column":152}}]},"9":{"loc":{"start":{"line":50,"column":84},"end":{"line":50,"column":124}},"type":"cond-expr","locations":[{"start":{"line":50,"column":112},"end":{"line":50,"column":114}},{"start":{"line":50,"column":112},"end":{"line":50,"column":124}}]},"10":{"loc":{"start":{"line":50,"column":84},"end":{"line":50,"column":114}},"type":"binary-expr","locations":[{"start":{"line":50,"column":84},"end":{"line":50,"column":114}},{"start":{"line":50,"column":112},"end":{"line":50,"column":114}}]},"11":{"loc":{"start":{"line":51,"column":21},"end":{"line":51,"column":151}},"type":"binary-expr","locations":[{"start":{"line":51,"column":21},"end":{"line":51,"column":49}},{"start":{"line":51,"column":53},"end":{"line":51,"column":151}}]},"12":{"loc":{"start":{"line":60,"column":7},"end":{"line":60,"column":125}},"type":"binary-expr","locations":[{"start":{"line":60,"column":7},"end":{"line":60,"column":29}},{"start":{"line":60,"column":33},"end":{"line":60,"column":54}},{"start":{"line":60,"column":58},"end":{"line":60,"column":125}}]},"13":{"loc":{"start":{"line":64,"column":161},"end":{"line":64,"column":222}},"type":"cond-expr","locations":[{"start":{"line":64,"column":174},"end":{"line":64,"column":189}},{"start":{"line":64,"column":192},"end":{"line":64,"column":222}}]},"14":{"loc":{"start":{"line":70,"column":115},"end":{"line":70,"column":197}},"type":"cond-expr","locations":[{"start":{"line":70,"column":136},"end":{"line":70,"column":146}},{"start":{"line":70,"column":149},"end":{"line":70,"column":197}}]},"15":{"loc":{"start":{"line":77,"column":90},"end":{"line":77,"column":169}},"type":"cond-expr","locations":[{"start":{"line":77,"column":112},"end":{"line":77,"column":136}},{"start":{"line":77,"column":139},"end":{"line":77,"column":169}}]}},"s":{"0":1,"1":1,"2":1,"3":1,"4":5,"5":5,"6":10,"7":5,"8":5,"9":5,"10":1,"11":1,"12":5,"13":5,"14":5,"15":5,"16":5,"17":24,"18":0,"19":7,"20":0,"21":1,"22":1},"f":{"0":5,"1":10,"2":5,"3":1,"4":5,"5":24,"6":0,"7":7,"8":0,"9":1},"b":{"0":[1],"1":[1,1],"2":[5,1],"3":[5,1],"4":[5,3],"5":[24,22],"6":[24,2],"7":[24,2],"8":[2,0],"9":[0,2],"10":[2,2],"11":[2,2],"12":[5,3,1],"13":[5,0],"14":[5,2],"15":[4,1]}}
,"C:\\Users\\UsEr\\OneDrive\\Dokumen\\lumoshive\\mini-proyek\\mini-proyek-10\\src\\components\\BestFurnitureComponent.tsx": {"path":"C:\\Users\\UsEr\\OneDrive\\Dokumen\\lumoshive\\mini-proyek\\mini-proyek-10\\src\\components\\BestFurnitureComponent.tsx","statementMap":{"0":{"start":{"line":2,"column":0},"end":{"line":2,"column":48}},"1":{"start":{"line":4,"column":41},"end":{"line":18,"column":1}},"2":{"start":{"line":5,"column":2},"end":{"line":17,"column":4}},"3":{"start":{"line":20,"column":0},"end":{"line":20,"column":38}}},"fnMap":{"0":{"name":"(anonymous_1)","decl":{"start":{"line":4,"column":41},"end":{"line":4,"column":44}},"loc":{"start":{"line":4,"column":46},"end":{"line":18,"column":1}}}},"branchMap":{},"s":{"0":1,"1":1,"2":3,"3":1},"f":{"0":3},"b":{}}
,"C:\\Users\\UsEr\\OneDrive\\Dokumen\\lumoshive\\mini-proyek\\mini-proyek-10\\src\\components\\ContactUsComponent.tsx": {"path":"C:\\Users\\UsEr\\OneDrive\\Dokumen\\lumoshive\\mini-proyek\\mini-proyek-10\\src\\components\\ContactUsComponent.tsx","statementMap":{"0":{"start":{"line":1,"column":0},"end":{"line":1,"column":40}},"1":{"start":{"line":2,"column":0},"end":{"line":2,"column":51}},"2":{"start":{"line":3,"column":0},"end":{"line":3,"column":55}},"3":{"start":{"line":4,"column":0},"end":{"line":4,"column":63}},"4":{"start":{"line":7,"column":37},"end":{"line":56,"column":1}},"5":{"start":{"line":8,"column":32},"end":{"line":8,"column":45}},"6":{"start":{"line":9,"column":37},"end":{"line":9,"column":85}},"7":{"start":{"line":9,"column":71},"end":{"line":9,"column":84}},"8":{"start":{"line":10,"column":28},"end":{"line":10,"column":40}},"9":{"start":{"line":12,"column":23},"end":{"line":16,"column":3}},"10":{"start":{"line":13,"column":4},"end":{"line":13,"column":23}},"11":{"start":{"line":14,"column":4},"end":{"line":14,"column":38}},"12":{"start":{"line":15,"column":4},"end":{"line":15,"column":17}},"13":{"start":{"line":18,"column":2},"end":{"line":55,"column":4}},"14":{"start":{"line":39,"column":33},"end":{"line":39,"column":57}},"15":{"start":{"line":58,"column":0},"end":{"line":58,"column":34}}},"fnMap":{"0":{"name":"(anonymous_1)","decl":{"start":{"line":7,"column":37},"end":{"line":7,"column":40}},"loc":{"start":{"line":7,"column":42},"end":{"line":56,"column":1}}},"1":{"name":"(anonymous_2)","decl":{"start":{"line":9,"column":49},"end":{"line":9,"column":50}},"loc":{"start":{"line":9,"column":71},"end":{"line":9,"column":84}}},"2":{"name":"(anonymous_3)","decl":{"start":{"line":12,"column":23},"end":{"line":12,"column":24}},"loc":{"start":{"line":12,"column":46},"end":{"line":16,"column":3}}},"3":{"name":"(anonymous_4)","decl":{"start":{"line":39,"column":26},"end":{"line":39,"column":27}},"loc":{"start":{"line":39,"column":33},"end":{"line":39,"column":57}}}},"branchMap":{"0":{"loc":{"start":{"line":45,"column":17},"end":{"line":45,"column":68}},"type":"cond-expr","locations":[{"start":{"line":45,"column":40},"end":{"line":45,"column":55}},{"start":{"line":45,"column":58},"end":{"line":45,"column":68}}]},"1":{"loc":{"start":{"line":49,"column":13},"end":{"line":49,"column":117}},"type":"binary-expr","locations":[{"start":{"line":49,"column":13},"end":{"line":49,"column":35}},{"start":{"line":49,"column":39},"end":{"line":49,"column":117}}]},"2":{"loc":{"start":{"line":49,"column":75},"end":{"line":49,"column":112}},"type":"binary-expr","locations":[{"start":{"line":49,"column":75},"end":{"line":49,"column":82}},{"start":{"line":49,"column":86},"end":{"line":49,"column":112}}]},"3":{"loc":{"start":{"line":50,"column":13},"end":{"line":50,"column":80}},"type":"binary-expr","locations":[{"start":{"line":50,"column":13},"end":{"line":50,"column":32}},{"start":{"line":50,"column":36},"end":{"line":50,"column":80}}]}},"s":{"0":1,"1":1,"2":1,"3":1,"4":1,"5":9,"6":9,"7":15,"8":9,"9":9,"10":1,"11":1,"12":1,"13":9,"14":2,"15":1},"f":{"0":9,"1":15,"2":1,"3":2},"b":{"0":[1,8],"1":[9,1],"2":[1,0],"3":[9,1]}}
,"C:\\Users\\UsEr\\OneDrive\\Dokumen\\lumoshive\\mini-proyek\\mini-proyek-10\\src\\components\\HeroComponent.tsx": {"path":"C:\\Users\\UsEr\\OneDrive\\Dokumen\\lumoshive\\mini-proyek\\mini-proyek-10\\src\\components\\HeroComponent.tsx","statementMap":{"0":{"start":{"line":1,"column":0},"end":{"line":1,"column":41}},"1":{"start":{"line":2,"column":0},"end":{"line":2,"column":55}},"2":{"start":{"line":3,"column":0},"end":{"line":3,"column":57}},"3":{"start":{"line":5,"column":0},"end":{"line":5,"column":45}},"4":{"start":{"line":7,"column":32},"end":{"line":42,"column":1}},"5":{"start":{"line":8,"column":19},"end":{"line":8,"column":45}},"6":{"start":{"line":9,"column":49},"end":{"line":9,"column":96}},"7":{"start":{"line":9,"column":83},"end":{"line":9,"column":95}},"8":{"start":{"line":11,"column":2},"end":{"line":13,"column":17}},"9":{"start":{"line":12,"column":4},"end":{"line":12,"column":28}},"10":{"start":{"line":15,"column":2},"end":{"line":17,"column":3}},"11":{"start":{"line":16,"column":4},"end":{"line":16,"column":33}},"12":{"start":{"line":19,"column":2},"end":{"line":21,"column":3}},"13":{"start":{"line":20,"column":4},"end":{"line":20,"column":49}},"14":{"start":{"line":23,"column":2},"end":{"line":41,"column":4}},"15":{"start":{"line":44,"column":0},"end":{"line":44,"column":29}}},"fnMap":{"0":{"name":"(anonymous_1)","decl":{"start":{"line":7,"column":32},"end":{"line":7,"column":35}},"loc":{"start":{"line":7,"column":37},"end":{"line":42,"column":1}}},"1":{"name":"(anonymous_2)","decl":{"start":{"line":9,"column":61},"end":{"line":9,"column":62}},"loc":{"start":{"line":9,"column":83},"end":{"line":9,"column":95}}},"2":{"name":"(anonymous_3)","decl":{"start":{"line":11,"column":12},"end":{"line":11,"column":15}},"loc":{"start":{"line":11,"column":17},"end":{"line":13,"column":3}}}},"branchMap":{"0":{"loc":{"start":{"line":15,"column":2},"end":{"line":17,"column":3}},"type":"if","locations":[{"start":{"line":15,"column":2},"end":{"line":17,"column":3}}]},"1":{"loc":{"start":{"line":19,"column":2},"end":{"line":21,"column":3}},"type":"if","locations":[{"start":{"line":19,"column":2},"end":{"line":21,"column":3}}]}},"s":{"0":1,"1":1,"2":1,"3":1,"4":1,"5":3,"6":3,"7":6,"8":3,"9":3,"10":3,"11":1,"12":2,"13":1,"14":1,"15":1},"f":{"0":3,"1":6,"2":3},"b":{"0":[1],"1":[1]}}
,"C:\\Users\\UsEr\\OneDrive\\Dokumen\\lumoshive\\mini-proyek\\mini-proyek-10\\src\\components\\NewProductComponent.tsx": {"path":"C:\\Users\\UsEr\\OneDrive\\Dokumen\\lumoshive\\mini-proyek\\mini-proyek-10\\src\\components\\NewProductComponent.tsx","statementMap":{"0":{"start":{"line":2,"column":0},"end":{"line":2,"column":48}},"1":{"start":{"line":3,"column":0},"end":{"line":3,"column":55}},"2":{"start":{"line":4,"column":0},"end":{"line":4,"column":63}},"3":{"start":{"line":7,"column":38},"end":{"line":99,"column":1}},"4":{"start":{"line":8,"column":19},"end":{"line":8,"column":32}},"5":{"start":{"line":9,"column":33},"end":{"line":9,"column":82}},"6":{"start":{"line":9,"column":67},"end":{"line":9,"column":81}},"7":{"start":{"line":11,"column":38},"end":{"line":11,"column":53}},"8":{"start":{"line":12,"column":30},"end":{"line":12,"column":41}},"9":{"start":{"line":13,"column":38},"end":{"line":13,"column":49}},"10":{"start":{"line":14,"column":29},"end":{"line":14,"column":64}},"11":{"start":{"line":16,"column":2},"end":{"line":20,"column":25}},"12":{"start":{"line":17,"column":4},"end":{"line":19,"column":5}},"13":{"start":{"line":18,"column":6},"end":{"line":18,"column":41}},"14":{"start":{"line":22,"column":26},"end":{"line":27,"column":3}},"15":{"start":{"line":23,"column":4},"end":{"line":23,"column":44}},"16":{"start":{"line":23,"column":37},"end":{"line":23,"column":44}},"17":{"start":{"line":24,"column":4},"end":{"line":24,"column":24}},"18":{"start":{"line":25,"column":4},"end":{"line":25,"column":63}},"19":{"start":{"line":26,"column":4},"end":{"line":26,"column":57}},"20":{"start":{"line":29,"column":26},"end":{"line":35,"column":3}},"21":{"start":{"line":30,"column":4},"end":{"line":30,"column":59}},"22":{"start":{"line":30,"column":52},"end":{"line":30,"column":59}},"23":{"start":{"line":31,"column":4},"end":{"line":31,"column":23}},"24":{"start":{"line":32,"column":14},"end":{"line":32,"column":61}},"25":{"start":{"line":33,"column":17},"end":{"line":33,"column":35}},"26":{"start":{"line":34,"column":4},"end":{"line":34,"column":62}},"27":{"start":{"line":37,"column":24},"end":{"line":39,"column":3}},"28":{"start":{"line":38,"column":4},"end":{"line":38,"column":25}},"29":{"start":{"line":41,"column":27},"end":{"line":43,"column":3}},"30":{"start":{"line":42,"column":4},"end":{"line":42,"column":25}},"31":{"start":{"line":45,"column":22},"end":{"line":49,"column":3}},"32":{"start":{"line":46,"column":4},"end":{"line":46,"column":44}},"33":{"start":{"line":46,"column":37},"end":{"line":46,"column":44}},"34":{"start":{"line":47,"column":4},"end":{"line":47,"column":23}},"35":{"start":{"line":48,"column":4},"end":{"line":48,"column":54}},"36":{"start":{"line":51,"column":2},"end":{"line":98,"column":4}},"37":{"start":{"line":77,"column":18},"end":{"line":79,"column":null}},"38":{"start":{"line":101,"column":0},"end":{"line":101,"column":35}}},"fnMap":{"0":{"name":"(anonymous_9)","decl":{"start":{"line":7,"column":38},"end":{"line":7,"column":41}},"loc":{"start":{"line":7,"column":43},"end":{"line":99,"column":1}}},"1":{"name":"(anonymous_10)","decl":{"start":{"line":9,"column":45},"end":{"line":9,"column":46}},"loc":{"start":{"line":9,"column":67},"end":{"line":9,"column":81}}},"2":{"name":"(anonymous_11)","decl":{"start":{"line":16,"column":18},"end":{"line":16,"column":21}},"loc":{"start":{"line":16,"column":23},"end":{"line":20,"column":3}}},"3":{"name":"(anonymous_12)","decl":{"start":{"line":22,"column":26},"end":{"line":22,"column":27}},"loc":{"start":{"line":22,"column":66},"end":{"line":27,"column":3}}},"4":{"name":"(anonymous_13)","decl":{"start":{"line":29,"column":26},"end":{"line":29,"column":27}},"loc":{"start":{"line":29,"column":66},"end":{"line":35,"column":3}}},"5":{"name":"(anonymous_14)","decl":{"start":{"line":37,"column":24},"end":{"line":37,"column":27}},"loc":{"start":{"line":37,"column":29},"end":{"line":39,"column":3}}},"6":{"name":"(anonymous_15)","decl":{"start":{"line":41,"column":27},"end":{"line":41,"column":30}},"loc":{"start":{"line":41,"column":32},"end":{"line":43,"column":3}}},"7":{"name":"(anonymous_16)","decl":{"start":{"line":45,"column":22},"end":{"line":45,"column":23}},"loc":{"start":{"line":45,"column":62},"end":{"line":49,"column":3}}},"8":{"name":"(anonymous_17)","decl":{"start":{"line":76,"column":32},"end":{"line":76,"column":33}},"loc":{"start":{"line":77,"column":18},"end":{"line":79,"column":null}}}},"branchMap":{"0":{"loc":{"start":{"line":17,"column":4},"end":{"line":19,"column":5}},"type":"if","locations":[{"start":{"line":17,"column":4},"end":{"line":19,"column":5}}]},"1":{"loc":{"start":{"line":23,"column":4},"end":{"line":23,"column":44}},"type":"if","locations":[{"start":{"line":23,"column":4},"end":{"line":23,"column":44}}]},"2":{"loc":{"start":{"line":30,"column":4},"end":{"line":30,"column":59}},"type":"if","locations":[{"start":{"line":30,"column":4},"end":{"line":30,"column":59}}]},"3":{"loc":{"start":{"line":30,"column":8},"end":{"line":30,"column":50}},"type":"binary-expr","locations":[{"start":{"line":30,"column":8},"end":{"line":30,"column":19}},{"start":{"line":30,"column":23},"end":{"line":30,"column":50}}]},"4":{"loc":{"start":{"line":46,"column":4},"end":{"line":46,"column":44}},"type":"if","locations":[{"start":{"line":46,"column":4},"end":{"line":46,"column":44}}]},"5":{"loc":{"start":{"line":74,"column":17},"end":{"line":74,"column":58}},"type":"binary-expr","locations":[{"start":{"line":74,"column":17},"end":{"line":74,"column":37}},{"start":{"line":74,"column":41},"end":{"line":74,"column":58}}]},"6":{"loc":{"start":{"line":75,"column":17},"end":{"line":75,"column":72}},"type":"binary-expr","locations":[{"start":{"line":75,"column":17},"end":{"line":75,"column":36}},{"start":{"line":75,"column":40},"end":{"line":75,"column":72}}]}},"s":{"0":1,"1":1,"2":1,"3":1,"4":4,"5":4,"6":8,"7":4,"8":4,"9":4,"10":4,"11":4,"12":4,"13":1,"14":4,"15":0,"16":0,"17":0,"18":0,"19":0,"20":4,"21":0,"22":0,"23":0,"24":0,"25":0,"26":0,"27":4,"28":0,"29":4,"30":0,"31":4,"32":0,"33":0,"34":0,"35":0,"36":4,"37":2,"38":1},"f":{"0":4,"1":8,"2":4,"3":0,"4":0,"5":0,"6":0,"7":0,"8":2},"b":{"0":[1],"1":[0],"2":[0],"3":[0,0],"4":[0],"5":[4,1],"6":[4,1]}}
,"C:\\Users\\UsEr\\OneDrive\\Dokumen\\lumoshive\\mini-proyek\\mini-proyek-10\\src\\components\\WeCreateComponent.tsx": {"path":"C:\\Users\\UsEr\\OneDrive\\Dokumen\\lumoshive\\mini-proyek\\mini-proyek-10\\src\\components\\WeCreateComponent.tsx","statementMap":{"0":{"start":{"line":2,"column":0},"end":{"line":2,"column":48}},"1":{"start":{"line":3,"column":0},"end":{"line":3,"column":47}},"2":{"start":{"line":10,"column":36},"end":{"line":57,"column":1}},"3":{"start":{"line":11,"column":34},"end":{"line":20,"column":4}},"4":{"start":{"line":22,"column":2},"end":{"line":56,"column":4}},"5":{"start":{"line":39,"column":12},"end":{"line":39,"column":65}},"6":{"start":{"line":59,"column":0},"end":{"line":59,"column":33}}},"fnMap":{"0":{"name":"(anonymous_1)","decl":{"start":{"line":10,"column":36},"end":{"line":10,"column":39}},"loc":{"start":{"line":10,"column":41},"end":{"line":57,"column":1}}},"1":{"name":"(anonymous_2)","decl":{"start":{"line":38,"column":24},"end":{"line":38,"column":25}},"loc":{"start":{"line":39,"column":12},"end":{"line":39,"column":65}}}},"branchMap":{},"s":{"0":1,"1":1,"2":1,"3":5,"4":5,"5":10,"6":1},"f":{"0":5,"1":10},"b":{}}
,"C:\\Users\\UsEr\\OneDrive\\Dokumen\\lumoshive\\mini-proyek\\mini-proyek-10\\src\\components\\UI\\StatsDisplay.tsx": {"path":"C:\\Users\\UsEr\\OneDrive\\Dokumen\\lumoshive\\mini-proyek\\mini-proyek-10\\src\\components\\UI\\StatsDisplay.tsx","statementMap":{"0":{"start":{"line":1,"column":0},"end":{"line":1,"column":41}},"1":{"start":{"line":2,"column":0},"end":{"line":2,"column":55}},"2":{"start":{"line":3,"column":0},"end":{"line":3,"column":56}},"3":{"start":{"line":6,"column":31},"end":{"line":46,"column":1}},"4":{"start":{"line":7,"column":19},"end":{"line":7,"column":45}},"5":{"start":{"line":8,"column":57},"end":{"line":10,"column":4}},"6":{"start":{"line":9,"column":26},"end":{"line":9,"column":36}},"7":{"start":{"line":12,"column":2},"end":{"line":14,"column":17}},"8":{"start":{"line":13,"column":4},"end":{"line":13,"column":26}},"9":{"start":{"line":16,"column":2},"end":{"line":18,"column":3}},"10":{"start":{"line":17,"column":4},"end":{"line":17,"column":74}},"11":{"start":{"line":20,"column":2},"end":{"line":22,"column":3}},"12":{"start":{"line":21,"column":4},"end":{"line":21,"column":85}},"13":{"start":{"line":24,"column":16},"end":{"line":29,"column":4}},"14":{"start":{"line":31,"column":2},"end":{"line":45,"column":4}},"15":{"start":{"line":35,"column":10},"end":{"line":35,"column":27}},"16":{"start":{"line":48,"column":0},"end":{"line":48,"column":28}}},"fnMap":{"0":{"name":"(anonymous_0)","decl":{"start":{"line":6,"column":31},"end":{"line":6,"column":34}},"loc":{"start":{"line":6,"column":36},"end":{"line":46,"column":1}}},"1":{"name":"(anonymous_1)","decl":{"start":{"line":9,"column":4},"end":{"line":9,"column":5}},"loc":{"start":{"line":9,"column":26},"end":{"line":9,"column":36}}},"2":{"name":"(anonymous_2)","decl":{"start":{"line":12,"column":12},"end":{"line":12,"column":15}},"loc":{"start":{"line":12,"column":17},"end":{"line":14,"column":3}}},"3":{"name":"(anonymous_3)","decl":{"start":{"line":34,"column":19},"end":{"line":34,"column":20}},"loc":{"start":{"line":35,"column":10},"end":{"line":35,"column":27}}}},"branchMap":{"0":{"loc":{"start":{"line":16,"column":2},"end":{"line":18,"column":3}},"type":"if","locations":[{"start":{"line":16,"column":2},"end":{"line":18,"column":3}}]},"1":{"loc":{"start":{"line":20,"column":2},"end":{"line":22,"column":3}},"type":"if","locations":[{"start":{"line":20,"column":2},"end":{"line":22,"column":3}}]},"2":{"loc":{"start":{"line":38,"column":13},"end":{"line":39,"column":null}},"type":"binary-expr","locations":[{"start":{"line":38,"column":13},"end":{"line":38,"column":37}},{"start":{"line":39,"column":14},"end":{"line":39,"column":124}}]}},"s":{"0":1,"1":1,"2":1,"3":1,"4":1,"5":1,"6":2,"7":1,"8":1,"9":1,"10":0,"11":1,"12":0,"13":1,"14":1,"15":4,"16":1},"f":{"0":1,"1":2,"2":1,"3":4},"b":{"0":[0],"1":[0],"2":[4,3]}}
,"C:\\Users\\UsEr\\OneDrive\\Dokumen\\lumoshive\\mini-proyek\\mini-proyek-10\\src\\layouts\\FooterLayout.tsx": {"path":"C:\\Users\\UsEr\\OneDrive\\Dokumen\\lumoshive\\mini-proyek\\mini-proyek-10\\src\\layouts\\FooterLayout.tsx","statementMap":{"0":{"start":{"line":2,"column":0},"end":{"line":2,"column":null}},"1":{"start":{"line":8,"column":0},"end":{"line":8,"column":null}},"2":{"start":{"line":25,"column":31},"end":{"line":125,"column":1}},"3":{"start":{"line":26,"column":42},"end":{"line":72,"column":4}},"4":{"start":{"line":74,"column":19},"end":{"line":74,"column":44}},"5":{"start":{"line":76,"column":2},"end":{"line":124,"column":4}},"6":{"start":{"line":103,"column":12},"end":{"line":103,"column":null}},"7":{"start":{"line":107,"column":18},"end":{"line":107,"column":null}},"8":{"start":{"line":127,"column":0},"end":{"line":127,"column":28}}},"fnMap":{"0":{"name":"(anonymous_0)","decl":{"start":{"line":25,"column":31},"end":{"line":25,"column":34}},"loc":{"start":{"line":25,"column":36},"end":{"line":125,"column":1}}},"1":{"name":"(anonymous_1)","decl":{"start":{"line":102,"column":30},"end":{"line":102,"column":31}},"loc":{"start":{"line":103,"column":12},"end":{"line":103,"column":null}}},"2":{"name":"(anonymous_2)","decl":{"start":{"line":106,"column":35},"end":{"line":106,"column":36}},"loc":{"start":{"line":107,"column":18},"end":{"line":107,"column":null}}}},"branchMap":{},"s":{"0":1,"1":1,"2":1,"3":6,"4":6,"5":6,"6":30,"7":120,"8":1},"f":{"0":6,"1":30,"2":120},"b":{}}
,"C:\\Users\\UsEr\\OneDrive\\Dokumen\\lumoshive\\mini-proyek\\mini-proyek-10\\src\\layouts\\NavbarLayout.tsx": {"path":"C:\\Users\\UsEr\\OneDrive\\Dokumen\\lumoshive\\mini-proyek\\mini-proyek-10\\src\\layouts\\NavbarLayout.tsx","statementMap":{"0":{"start":{"line":1,"column":2},"end":{"line":1,"column":53}},"1":{"start":{"line":3,"column":33},"end":{"line":72,"column":3}},"2":{"start":{"line":4,"column":30},"end":{"line":4,"column":70}},"3":{"start":{"line":5,"column":40},"end":{"line":5,"column":64}},"4":{"start":{"line":6,"column":40},"end":{"line":6,"column":64}},"5":{"start":{"line":8,"column":4},"end":{"line":18,"column":11}},"6":{"start":{"line":9,"column":27},"end":{"line":12,"column":7}},"7":{"start":{"line":10,"column":26},"end":{"line":10,"column":40}},"8":{"start":{"line":11,"column":8},"end":{"line":11,"column":54}},"9":{"start":{"line":14,"column":6},"end":{"line":14,"column":54}},"10":{"start":{"line":15,"column":6},"end":{"line":17,"column":8}},"11":{"start":{"line":16,"column":8},"end":{"line":16,"column":59}},"12":{"start":{"line":20,"column":23},"end":{"line":22,"column":5}},"13":{"start":{"line":21,"column":6},"end":{"line":21,"column":33}},"14":{"start":{"line":24,"column":22},"end":{"line":26,"column":5}},"15":{"start":{"line":25,"column":6},"end":{"line":25,"column":27}},"16":{"start":{"line":28,"column":4},"end":{"line":71,"column":6}},"17":{"start":{"line":35,"column":16},"end":{"line":35,"column":null}},"18":{"start":{"line":56,"column":16},"end":{"line":56,"column":null}},"19":{"start":{"line":74,"column":2},"end":{"line":74,"column":30}}},"fnMap":{"0":{"name":"(anonymous_0)","decl":{"start":{"line":3,"column":33},"end":{"line":3,"column":36}},"loc":{"start":{"line":3,"column":38},"end":{"line":72,"column":3}}},"1":{"name":"(anonymous_1)","decl":{"start":{"line":8,"column":14},"end":{"line":8,"column":17}},"loc":{"start":{"line":8,"column":19},"end":{"line":18,"column":5}}},"2":{"name":"(anonymous_2)","decl":{"start":{"line":9,"column":27},"end":{"line":9,"column":36}},"loc":{"start":{"line":9,"column":38},"end":{"line":12,"column":7}}},"3":{"name":"(anonymous_3)","decl":{"start":{"line":15,"column":13},"end":{"line":15,"column":16}},"loc":{"start":{"line":15,"column":18},"end":{"line":17,"column":7}}},"4":{"name":"(anonymous_4)","decl":{"start":{"line":20,"column":23},"end":{"line":20,"column":32}},"loc":{"start":{"line":20,"column":34},"end":{"line":22,"column":5}}},"5":{"name":"(anonymous_5)","decl":{"start":{"line":24,"column":22},"end":{"line":24,"column":31}},"loc":{"start":{"line":24,"column":33},"end":{"line":26,"column":5}}},"6":{"name":"(anonymous_6)","decl":{"start":{"line":34,"column":27},"end":{"line":34,"column":28}},"loc":{"start":{"line":35,"column":16},"end":{"line":35,"column":null}}},"7":{"name":"(anonymous_7)","decl":{"start":{"line":55,"column":27},"end":{"line":55,"column":28}},"loc":{"start":{"line":56,"column":16},"end":{"line":56,"column":null}}}},"branchMap":{"0":{"loc":{"start":{"line":30,"column":89},"end":{"line":30,"column":141}},"type":"cond-expr","locations":[{"start":{"line":30,"column":102},"end":{"line":30,"column":122}},{"start":{"line":30,"column":125},"end":{"line":30,"column":141}}]},"1":{"loc":{"start":{"line":32,"column":49},"end":{"line":32,"column":89}},"type":"cond-expr","locations":[{"start":{"line":32,"column":62},"end":{"line":32,"column":74}},{"start":{"line":32,"column":77},"end":{"line":32,"column":89}}]},"2":{"loc":{"start":{"line":36,"column":45},"end":{"line":36,"column":85}},"type":"cond-expr","locations":[{"start":{"line":36,"column":58},"end":{"line":36,"column":70}},{"start":{"line":36,"column":73},"end":{"line":36,"column":85}}]},"3":{"loc":{"start":{"line":44,"column":43},"end":{"line":44,"column":83}},"type":"cond-expr","locations":[{"start":{"line":44,"column":56},"end":{"line":44,"column":68}},{"start":{"line":44,"column":71},"end":{"line":44,"column":83}}]},"4":{"loc":{"start":{"line":52,"column":9},"end":{"line":68,"column":null}},"type":"binary-expr","locations":[{"start":{"line":52,"column":9},"end":{"line":52,"column":19}},{"start":{"line":53,"column":10},"end":{"line":67,"column":null}}]}},"s":{"0":1,"1":1,"2":4,"3":4,"4":4,"5":4,"6":3,"7":1,"8":1,"9":3,"10":3,"11":3,"12":4,"13":0,"14":4,"15":0,"16":4,"17":16,"18":0,"19":1},"f":{"0":4,"1":3,"2":1,"3":3,"4":0,"5":0,"6":16,"7":0},"b":{"0":[1,3],"1":[1,3],"2":[4,12],"3":[1,3],"4":[4,0]}}
,"C:\\Users\\UsEr\\OneDrive\\Dokumen\\lumoshive\\mini-proyek\\mini-proyek-10\\src\\redux\\async\\categorySlice.ts": {"path":"C:\\Users\\UsEr\\OneDrive\\Dokumen\\lumoshive\\mini-proyek\\mini-proyek-10\\src\\redux\\async\\categorySlice.ts","statementMap":{"0":{"start":{"line":2,"column":0},"end":{"line":2,"column":65}},"1":{"start":{"line":3,"column":0},"end":{"line":3,"column":26}},"2":{"start":{"line":16,"column":37},"end":{"line":20,"column":2}},"3":{"start":{"line":23,"column":37},"end":{"line":28,"column":1}},"4":{"start":{"line":24,"column":2},"end":{"line":27,"column":6}},"5":{"start":{"line":24,"column":29},"end":{"line":27,"column":4}},"6":{"start":{"line":23,"column":13},"end":{"line":23,"column":37}},"7":{"start":{"line":31,"column":13},"end":{"line":38,"column":3}},"8":{"start":{"line":31,"column":109},"end":{"line":38,"column":2}},"9":{"start":{"line":32,"column":2},"end":{"line":37,"column":3}},"10":{"start":{"line":33,"column":21},"end":{"line":33,"column":103}},"11":{"start":{"line":34,"column":4},"end":{"line":34,"column":57}},"12":{"start":{"line":36,"column":4},"end":{"line":36,"column":74}},"13":{"start":{"line":40,"column":22},"end":{"line":59,"column":2}},"14":{"start":{"line":45,"column":4},"end":{"line":57,"column":9}},"15":{"start":{"line":47,"column":8},"end":{"line":47,"column":33}},"16":{"start":{"line":48,"column":8},"end":{"line":48,"column":27}},"17":{"start":{"line":51,"column":8},"end":{"line":51,"column":35}},"18":{"start":{"line":52,"column":8},"end":{"line":52,"column":42}},"19":{"start":{"line":55,"column":8},"end":{"line":55,"column":32}},"20":{"start":{"line":56,"column":8},"end":{"line":56,"column":47}},"21":{"start":{"line":61,"column":0},"end":{"line":61,"column":37}}},"fnMap":{"0":{"name":"(anonymous_8)","decl":{"start":{"line":23,"column":37},"end":{"line":23,"column":38}},"loc":{"start":{"line":23,"column":65},"end":{"line":28,"column":1}}},"1":{"name":"(anonymous_9)","decl":{"start":{"line":24,"column":18},"end":{"line":24,"column":19}},"loc":{"start":{"line":24,"column":29},"end":{"line":27,"column":4}}},"2":{"name":"(anonymous_10)","decl":{"start":{"line":31,"column":76},"end":{"line":31,"column":83}},"loc":{"start":{"line":31,"column":109},"end":{"line":38,"column":2}}},"3":{"name":"(anonymous_11)","decl":{"start":{"line":31,"column":109},"end":{"line":31,"column":null}},"loc":{"start":{"line":31,"column":105},"end":{"line":38,"column":1}}},"4":{"name":"(anonymous_12)","decl":{"start":{"line":44,"column":17},"end":{"line":44,"column":18}},"loc":{"start":{"line":44,"column":29},"end":{"line":58,"column":3}}},"5":{"name":"(anonymous_13)","decl":{"start":{"line":46,"column":40},"end":{"line":46,"column":41}},"loc":{"start":{"line":46,"column":50},"end":{"line":49,"column":7}}},"6":{"name":"(anonymous_14)","decl":{"start":{"line":50,"column":42},"end":{"line":50,"column":43}},"loc":{"start":{"line":50,"column":60},"end":{"line":53,"column":7}}},"7":{"name":"(anonymous_15)","decl":{"start":{"line":54,"column":41},"end":{"line":54,"column":42}},"loc":{"start":{"line":54,"column":59},"end":{"line":57,"column":7}}}},"branchMap":{"0":{"loc":{"start":{"line":36,"column":27},"end":{"line":36,"column":72}},"type":"binary-expr","locations":[{"start":{"line":36,"column":27},"end":{"line":36,"column":40}},{"start":{"line":36,"column":44},"end":{"line":36,"column":72}}]}},"s":{"0":1,"1":1,"2":1,"3":1,"4":2,"5":4,"6":1,"7":1,"8":2,"9":2,"10":2,"11":1,"12":1,"13":1,"14":1,"15":3,"16":3,"17":2,"18":2,"19":2,"20":2,"21":1},"f":{"0":2,"1":4,"2":2,"3":2,"4":1,"5":3,"6":2,"7":2},"b":{"0":[1,0]}}
,"C:\\Users\\UsEr\\OneDrive\\Dokumen\\lumoshive\\mini-proyek\\mini-proyek-10\\src\\redux\\async\\contactSlice.ts": {"path":"C:\\Users\\UsEr\\OneDrive\\Dokumen\\lumoshive\\mini-proyek\\mini-proyek-10\\src\\redux\\async\\contactSlice.ts","statementMap":{"0":{"start":{"line":2,"column":0},"end":{"line":2,"column":80}},"1":{"start":{"line":3,"column":0},"end":{"line":3,"column":26}},"2":{"start":{"line":11,"column":35},"end":{"line":15,"column":2}},"3":{"start":{"line":18,"column":13},"end":{"line":25,"column":3}},"4":{"start":{"line":18,"column":168},"end":{"line":25,"column":2}},"5":{"start":{"line":19,"column":2},"end":{"line":24,"column":3}},"6":{"start":{"line":20,"column":21},"end":{"line":20,"column":116}},"7":{"start":{"line":21,"column":4},"end":{"line":21,"column":25}},"8":{"start":{"line":23,"column":4},"end":{"line":23,"column":81}},"9":{"start":{"line":27,"column":21},"end":{"line":49,"column":2}},"10":{"start":{"line":32,"column":4},"end":{"line":47,"column":9}},"11":{"start":{"line":34,"column":8},"end":{"line":34,"column":33}},"12":{"start":{"line":35,"column":8},"end":{"line":35,"column":29}},"13":{"start":{"line":36,"column":8},"end":{"line":36,"column":27}},"14":{"start":{"line":39,"column":8},"end":{"line":39,"column":35}},"15":{"start":{"line":40,"column":8},"end":{"line":40,"column":47}},"16":{"start":{"line":41,"column":8},"end":{"line":41,"column":27}},"17":{"start":{"line":44,"column":8},"end":{"line":44,"column":32}},"18":{"start":{"line":45,"column":8},"end":{"line":45,"column":80}},"19":{"start":{"line":46,"column":8},"end":{"line":46,"column":29}},"20":{"start":{"line":51,"column":0},"end":{"line":51,"column":36}}},"fnMap":{"0":{"name":"(anonymous_8)","decl":{"start":{"line":18,"column":131},"end":{"line":18,"column":138}},"loc":{"start":{"line":18,"column":168},"end":{"line":25,"column":2}}},"1":{"name":"(anonymous_9)","decl":{"start":{"line":18,"column":168},"end":{"line":18,"column":null}},"loc":{"start":{"line":18,"column":164},"end":{"line":25,"column":1}}},"2":{"name":"(anonymous_10)","decl":{"start":{"line":31,"column":17},"end":{"line":31,"column":18}},"loc":{"start":{"line":31,"column":29},"end":{"line":48,"column":3}}},"3":{"name":"(anonymous_11)","decl":{"start":{"line":33,"column":41},"end":{"line":33,"column":42}},"loc":{"start":{"line":33,"column":51},"end":{"line":37,"column":7}}},"4":{"name":"(anonymous_12)","decl":{"start":{"line":38,"column":43},"end":{"line":38,"column":44}},"loc":{"start":{"line":38,"column":97},"end":{"line":42,"column":7}}},"5":{"name":"(anonymous_13)","decl":{"start":{"line":43,"column":42},"end":{"line":43,"column":43}},"loc":{"start":{"line":43,"column":60},"end":{"line":47,"column":7}}}},"branchMap":{"0":{"loc":{"start":{"line":23,"column":27},"end":{"line":23,"column":79}},"type":"binary-expr","locations":[{"start":{"line":23,"column":27},"end":{"line":23,"column":54}},{"start":{"line":23,"column":58},"end":{"line":23,"column":79}}]},"1":{"loc":{"start":{"line":23,"column":27},"end":{"line":23,"column":54}},"type":"cond-expr","locations":[{"start":{"line":23,"column":47},"end":{"line":23,"column":49}},{"start":{"line":23,"column":47},"end":{"line":23,"column":54}}]},"2":{"loc":{"start":{"line":23,"column":27},"end":{"line":23,"column":49}},"type":"binary-expr","locations":[{"start":{"line":23,"column":27},"end":{"line":23,"column":49}},{"start":{"line":23,"column":47},"end":{"line":23,"column":49}}]},"3":{"loc":{"start":{"line":23,"column":27},"end":{"line":23,"column":47}},"type":"cond-expr","locations":[{"start":{"line":23,"column":41},"end":{"line":23,"column":43}},{"start":{"line":23,"column":41},"end":{"line":23,"column":47}}]},"4":{"loc":{"start":{"line":23,"column":27},"end":{"line":23,"column":43}},"type":"binary-expr","locations":[{"start":{"line":23,"column":27},"end":{"line":23,"column":43}},{"start":{"line":23,"column":41},"end":{"line":23,"column":43}}]},"5":{"loc":{"start":{"line":45,"column":22},"end":{"line":45,"column":79}},"type":"binary-expr","locations":[{"start":{"line":45,"column":22},"end":{"line":45,"column":36}},{"start":{"line":45,"column":40},"end":{"line":45,"column":60}},{"start":{"line":45,"column":64},"end":{"line":45,"column":79}}]}},"s":{"0":1,"1":1,"2":1,"3":1,"4":2,"5":2,"6":2,"7":1,"8":1,"9":1,"10":1,"11":1,"12":1,"13":1,"14":1,"15":1,"16":1,"17":1,"18":1,"19":1,"20":1},"f":{"0":2,"1":2,"2":1,"3":1,"4":1,"5":1},"b":{"0":[1,0],"1":[0,1],"2":[1,1],"3":[0,1],"4":[1,1],"5":[1,1,0]}}
,"C:\\Users\\UsEr\\OneDrive\\Dokumen\\lumoshive\\mini-proyek\\mini-proyek-10\\src\\redux\\async\\dataSlice.ts": {"path":"C:\\Users\\UsEr\\OneDrive\\Dokumen\\lumoshive\\mini-proyek\\mini-proyek-10\\src\\redux\\async\\dataSlice.ts","statementMap":{"0":{"start":{"line":1,"column":0},"end":{"line":1,"column":65}},"1":{"start":{"line":2,"column":0},"end":{"line":2,"column":26}},"2":{"start":{"line":12,"column":32},"end":{"line":18,"column":2}},"3":{"start":{"line":20,"column":13},"end":{"line":25,"column":3}},"4":{"start":{"line":20,"column":71},"end":{"line":25,"column":2}},"5":{"start":{"line":21,"column":19},"end":{"line":22,"column":null}},"6":{"start":{"line":24,"column":2},"end":{"line":24,"column":23}},"7":{"start":{"line":27,"column":18},"end":{"line":47,"column":2}},"8":{"start":{"line":32,"column":4},"end":{"line":45,"column":9}},"9":{"start":{"line":34,"column":8},"end":{"line":34,"column":33}},"10":{"start":{"line":37,"column":8},"end":{"line":37,"column":35}},"11":{"start":{"line":38,"column":8},"end":{"line":38,"column":53}},"12":{"start":{"line":39,"column":8},"end":{"line":39,"column":47}},"13":{"start":{"line":40,"column":8},"end":{"line":40,"column":41}},"14":{"start":{"line":41,"column":8},"end":{"line":41,"column":47}},"15":{"start":{"line":44,"column":8},"end":{"line":44,"column":32}},"16":{"start":{"line":49,"column":0},"end":{"line":49,"column":33}}},"fnMap":{"0":{"name":"(anonymous_8)","decl":{"start":{"line":20,"column":60},"end":{"line":20,"column":69}},"loc":{"start":{"line":20,"column":71},"end":{"line":25,"column":2}}},"1":{"name":"(anonymous_9)","decl":{"start":{"line":20,"column":71},"end":{"line":20,"column":null}},"loc":{"start":{"line":20,"column":71},"end":{"line":25,"column":1}}},"2":{"name":"(anonymous_10)","decl":{"start":{"line":31,"column":17},"end":{"line":31,"column":18}},"loc":{"start":{"line":31,"column":29},"end":{"line":46,"column":3}}},"3":{"name":"(anonymous_11)","decl":{"start":{"line":33,"column":34},"end":{"line":33,"column":35}},"loc":{"start":{"line":33,"column":44},"end":{"line":35,"column":7}}},"4":{"name":"(anonymous_12)","decl":{"start":{"line":36,"column":36},"end":{"line":36,"column":37}},"loc":{"start":{"line":36,"column":54},"end":{"line":42,"column":7}}},"5":{"name":"(anonymous_13)","decl":{"start":{"line":43,"column":35},"end":{"line":43,"column":36}},"loc":{"start":{"line":43,"column":45},"end":{"line":45,"column":7}}}},"branchMap":{},"s":{"0":2,"1":2,"2":2,"3":2,"4":3,"5":3,"6":1,"7":2,"8":1,"9":3,"10":2,"11":2,"12":2,"13":2,"14":2,"15":2,"16":2},"f":{"0":3,"1":3,"2":1,"3":3,"4":2,"5":2},"b":{}}
,"C:\\Users\\UsEr\\OneDrive\\Dokumen\\lumoshive\\mini-proyek\\mini-proyek-10\\src\\redux\\async\\headerSlice.ts": {"path":"C:\\Users\\UsEr\\OneDrive\\Dokumen\\lumoshive\\mini-proyek\\mini-proyek-10\\src\\redux\\async\\headerSlice.ts","statementMap":{"0":{"start":{"line":1,"column":0},"end":{"line":1,"column":65}},"1":{"start":{"line":2,"column":0},"end":{"line":2,"column":26}},"2":{"start":{"line":12,"column":34},"end":{"line":18,"column":2}},"3":{"start":{"line":21,"column":13},"end":{"line":24,"column":3}},"4":{"start":{"line":21,"column":77},"end":{"line":24,"column":2}},"5":{"start":{"line":22,"column":19},"end":{"line":22,"column":99}},"6":{"start":{"line":23,"column":2},"end":{"line":23,"column":23}},"7":{"start":{"line":26,"column":20},"end":{"line":46,"column":2}},"8":{"start":{"line":31,"column":4},"end":{"line":44,"column":9}},"9":{"start":{"line":33,"column":8},"end":{"line":33,"column":33}},"10":{"start":{"line":36,"column":8},"end":{"line":36,"column":35}},"11":{"start":{"line":37,"column":8},"end":{"line":37,"column":43}},"12":{"start":{"line":38,"column":8},"end":{"line":38,"column":55}},"13":{"start":{"line":39,"column":8},"end":{"line":39,"column":45}},"14":{"start":{"line":42,"column":8},"end":{"line":42,"column":32}},"15":{"start":{"line":43,"column":8},"end":{"line":43,"column":69}},"16":{"start":{"line":48,"column":0},"end":{"line":48,"column":35}}},"fnMap":{"0":{"name":"(anonymous_8)","decl":{"start":{"line":21,"column":66},"end":{"line":21,"column":75}},"loc":{"start":{"line":21,"column":77},"end":{"line":24,"column":2}}},"1":{"name":"(anonymous_9)","decl":{"start":{"line":21,"column":77},"end":{"line":21,"column":null}},"loc":{"start":{"line":21,"column":77},"end":{"line":24,"column":1}}},"2":{"name":"(anonymous_10)","decl":{"start":{"line":30,"column":17},"end":{"line":30,"column":18}},"loc":{"start":{"line":30,"column":29},"end":{"line":45,"column":3}}},"3":{"name":"(anonymous_11)","decl":{"start":{"line":32,"column":36},"end":{"line":32,"column":37}},"loc":{"start":{"line":32,"column":46},"end":{"line":34,"column":7}}},"4":{"name":"(anonymous_12)","decl":{"start":{"line":35,"column":38},"end":{"line":35,"column":39}},"loc":{"start":{"line":35,"column":56},"end":{"line":40,"column":7}}},"5":{"name":"(anonymous_13)","decl":{"start":{"line":41,"column":37},"end":{"line":41,"column":38}},"loc":{"start":{"line":41,"column":55},"end":{"line":44,"column":7}}}},"branchMap":{"0":{"loc":{"start":{"line":43,"column":22},"end":{"line":43,"column":68}},"type":"binary-expr","locations":[{"start":{"line":43,"column":22},"end":{"line":43,"column":42}},{"start":{"line":43,"column":46},"end":{"line":43,"column":68}}]}},"s":{"0":1,"1":1,"2":1,"3":1,"4":1,"5":1,"6":1,"7":1,"8":1,"9":1,"10":1,"11":1,"12":1,"13":1,"14":0,"15":0,"16":1},"f":{"0":1,"1":1,"2":1,"3":1,"4":1,"5":0},"b":{"0":[0,0]}}
,"C:\\Users\\UsEr\\OneDrive\\Dokumen\\lumoshive\\mini-proyek\\mini-proyek-10\\src\\redux\\async\\productSlice.ts": {"path":"C:\\Users\\UsEr\\OneDrive\\Dokumen\\lumoshive\\mini-proyek\\mini-proyek-10\\src\\redux\\async\\productSlice.ts","statementMap":{"0":{"start":{"line":2,"column":0},"end":{"line":2,"column":80}},"1":{"start":{"line":3,"column":0},"end":{"line":3,"column":26}},"2":{"start":{"line":30,"column":13},"end":{"line":39,"column":3}},"3":{"start":{"line":30,"column":148},"end":{"line":39,"column":2}},"4":{"start":{"line":31,"column":2},"end":{"line":38,"column":3}},"5":{"start":{"line":32,"column":21},"end":{"line":34,"column":6}},"6":{"start":{"line":35,"column":4},"end":{"line":35,"column":25}},"7":{"start":{"line":37,"column":4},"end":{"line":37,"column":81}},"8":{"start":{"line":42,"column":35},"end":{"line":50,"column":2}},"9":{"start":{"line":53,"column":21},"end":{"line":80,"column":2}},"10":{"start":{"line":58,"column":6},"end":{"line":58,"column":34}},"11":{"start":{"line":62,"column":4},"end":{"line":78,"column":9}},"12":{"start":{"line":64,"column":8},"end":{"line":64,"column":33}},"13":{"start":{"line":65,"column":8},"end":{"line":65,"column":27}},"14":{"start":{"line":68,"column":8},"end":{"line":68,"column":35}},"15":{"start":{"line":69,"column":8},"end":{"line":69,"column":41}},"16":{"start":{"line":70,"column":8},"end":{"line":70,"column":43}},"17":{"start":{"line":71,"column":8},"end":{"line":71,"column":53}},"18":{"start":{"line":72,"column":8},"end":{"line":72,"column":53}},"19":{"start":{"line":73,"column":8},"end":{"line":73,"column":49}},"20":{"start":{"line":76,"column":8},"end":{"line":76,"column":32}},"21":{"start":{"line":77,"column":8},"end":{"line":77,"column":37}},"22":{"start":{"line":83,"column":15},"end":{"line":83,"column":48}},"23":{"start":{"line":86,"column":0},"end":{"line":86,"column":36}}},"fnMap":{"0":{"name":"(anonymous_8)","decl":{"start":{"line":30,"column":72},"end":{"line":30,"column":79}},"loc":{"start":{"line":30,"column":148},"end":{"line":39,"column":2}}},"1":{"name":"(anonymous_9)","decl":{"start":{"line":30,"column":148},"end":{"line":30,"column":null}},"loc":{"start":{"line":30,"column":144},"end":{"line":39,"column":1}}},"2":{"name":"(anonymous_10)","decl":{"start":{"line":57,"column":13},"end":{"line":57,"column":14}},"loc":{"start":{"line":57,"column":54},"end":{"line":59,"column":5}}},"3":{"name":"(anonymous_11)","decl":{"start":{"line":61,"column":17},"end":{"line":61,"column":18}},"loc":{"start":{"line":61,"column":29},"end":{"line":79,"column":3}}},"4":{"name":"(anonymous_12)","decl":{"start":{"line":63,"column":38},"end":{"line":63,"column":39}},"loc":{"start":{"line":63,"column":48},"end":{"line":66,"column":7}}},"5":{"name":"(anonymous_13)","decl":{"start":{"line":67,"column":40},"end":{"line":67,"column":41}},"loc":{"start":{"line":67,"column":78},"end":{"line":74,"column":7}}},"6":{"name":"(anonymous_14)","decl":{"start":{"line":75,"column":39},"end":{"line":75,"column":40}},"loc":{"start":{"line":75,"column":77},"end":{"line":78,"column":7}}}},"branchMap":{"0":{"loc":{"start":{"line":30,"column":81},"end":{"line":30,"column":89}},"type":"default-arg","locations":[{"start":{"line":30,"column":88},"end":{"line":30,"column":89}}]},"1":{"loc":{"start":{"line":30,"column":91},"end":{"line":30,"column":100}},"type":"default-arg","locations":[{"start":{"line":30,"column":99},"end":{"line":30,"column":100}}]},"2":{"loc":{"start":{"line":37,"column":27},"end":{"line":37,"column":79}},"type":"cond-expr","locations":[{"start":{"line":37,"column":44},"end":{"line":37,"column":63}},{"start":{"line":37,"column":66},"end":{"line":37,"column":79}}]}},"s":{"0":1,"1":1,"2":1,"3":2,"4":2,"5":2,"6":1,"7":1,"8":1,"9":1,"10":0,"11":0,"12":0,"13":0,"14":0,"15":0,"16":0,"17":0,"18":0,"19":0,"20":0,"21":0,"22":1,"23":1},"f":{"0":2,"1":2,"2":0,"3":0,"4":0,"5":0,"6":0},"b":{"0":[0],"1":[0],"2":[1,0]}}
,"C:\\Users\\UsEr\\OneDrive\\Dokumen\\lumoshive\\mini-proyek\\mini-proyek-10\\src\\redux\\async\\testimonialSlice.ts": {"path":"C:\\Users\\UsEr\\OneDrive\\Dokumen\\lumoshive\\mini-proyek\\mini-proyek-10\\src\\redux\\async\\testimonialSlice.ts","statementMap":{"0":{"start":{"line":1,"column":0},"end":{"line":1,"column":65}},"1":{"start":{"line":2,"column":0},"end":{"line":2,"column":26}},"2":{"start":{"line":20,"column":39},"end":{"line":26,"column":2}},"3":{"start":{"line":29,"column":13},"end":{"line":37,"column":2}},"4":{"start":{"line":31,"column":39},"end":{"line":36,"column":null}},"5":{"start":{"line":32,"column":21},"end":{"line":33,"column":null}},"6":{"start":{"line":35,"column":4},"end":{"line":35,"column":25}},"7":{"start":{"line":39,"column":25},"end":{"line":63,"column":2}},"8":{"start":{"line":44,"column":6},"end":{"line":44,"column":34}},"9":{"start":{"line":48,"column":4},"end":{"line":61,"column":9}},"10":{"start":{"line":50,"column":8},"end":{"line":50,"column":33}},"11":{"start":{"line":51,"column":8},"end":{"line":51,"column":27}},"12":{"start":{"line":54,"column":8},"end":{"line":54,"column":35}},"13":{"start":{"line":55,"column":8},"end":{"line":55,"column":57}},"14":{"start":{"line":56,"column":8},"end":{"line":56,"column":53}},"15":{"start":{"line":59,"column":8},"end":{"line":59,"column":32}},"16":{"start":{"line":60,"column":8},"end":{"line":60,"column":77}},"17":{"start":{"line":65,"column":15},"end":{"line":65,"column":52}},"18":{"start":{"line":67,"column":0},"end":{"line":67,"column":40}}},"fnMap":{"0":{"name":"(anonymous_8)","decl":{"start":{"line":31,"column":2},"end":{"line":31,"column":9}},"loc":{"start":{"line":31,"column":39},"end":{"line":36,"column":null}}},"1":{"name":"(anonymous_9)","decl":{"start":{"line":31,"column":39},"end":{"line":31,"column":null}},"loc":{"start":{"line":31,"column":35},"end":{"line":36,"column":3}}},"2":{"name":"(anonymous_10)","decl":{"start":{"line":43,"column":13},"end":{"line":43,"column":14}},"loc":{"start":{"line":43,"column":31},"end":{"line":45,"column":5}}},"3":{"name":"(anonymous_11)","decl":{"start":{"line":47,"column":17},"end":{"line":47,"column":18}},"loc":{"start":{"line":47,"column":29},"end":{"line":62,"column":3}}},"4":{"name":"(anonymous_12)","decl":{"start":{"line":49,"column":42},"end":{"line":49,"column":43}},"loc":{"start":{"line":49,"column":52},"end":{"line":52,"column":7}}},"5":{"name":"(anonymous_13)","decl":{"start":{"line":53,"column":44},"end":{"line":53,"column":45}},"loc":{"start":{"line":53,"column":62},"end":{"line":57,"column":7}}},"6":{"name":"(anonymous_14)","decl":{"start":{"line":58,"column":43},"end":{"line":58,"column":44}},"loc":{"start":{"line":58,"column":61},"end":{"line":61,"column":7}}}},"branchMap":{"0":{"loc":{"start":{"line":60,"column":22},"end":{"line":60,"column":76}},"type":"binary-expr","locations":[{"start":{"line":60,"column":22},"end":{"line":60,"column":42}},{"start":{"line":60,"column":46},"end":{"line":60,"column":76}}]}},"s":{"0":2,"1":2,"2":2,"3":2,"4":11,"5":11,"6":1,"7":2,"8":0,"9":0,"10":0,"11":0,"12":0,"13":0,"14":0,"15":0,"16":0,"17":2,"18":2},"f":{"0":11,"1":11,"2":0,"3":0,"4":0,"5":0,"6":0},"b":{"0":[0,0]}}
}
