TN:
SF:src\components\AboutUsComponent.tsx
FN:8,(anonymous_1)
FN:10,(anonymous_2)
FN:12,(anonymous_3)
FN:16,(anonymous_4)
FN:20,(anonymous_5)
FNF:5
FNH:4
FNDA:9,(anonymous_1)
FNDA:18,(anonymous_2)
FNDA:9,(anonymous_3)
FNDA:0,(anonymous_4)
FNDA:1,(anonymous_5)
DA:1,1
DA:2,1
DA:3,1
DA:5,1
DA:6,1
DA:8,1
DA:9,9
DA:10,18
DA:12,9
DA:13,9
DA:16,9
DA:17,0
DA:20,9
DA:21,1
DA:24,9
DA:86,1
LF:16
LH:15
BRDA:17,0,0,0
BRDA:21,1,0,1
BRDA:31,2,0,9
BRDA:31,2,1,2
BRDA:36,3,0,9
BRDA:36,3,1,1
BRDA:41,4,0,9
BRDA:41,4,1,6
BRDA:41,4,2,5
BRDA:58,5,0,4
BRDA:58,5,1,1
BRDA:65,6,0,2
BRDA:65,6,1,3
BRF:13
BRH:12
end_of_record
TN:
SF:src\components\AllProductComponent.tsx
FN:7,(anonymous_0)
FN:9,(anonymous_1)
FN:11,(anonymous_2)
FN:15,(anonymous_3)
FN:21,(anonymous_4)
FN:43,(anonymous_5)
FN:64,(anonymous_6)
FN:69,(anonymous_7)
FN:70,(anonymous_8)
FN:75,(anonymous_9)
FNF:10
FNH:8
FNDA:5,(anonymous_0)
FNDA:10,(anonymous_1)
FNDA:5,(anonymous_2)
FNDA:1,(anonymous_3)
FNDA:5,(anonymous_4)
FNDA:24,(anonymous_5)
FNDA:0,(anonymous_6)
FNDA:7,(anonymous_7)
FNDA:0,(anonymous_8)
FNDA:1,(anonymous_9)
DA:2,1
DA:3,1
DA:4,1
DA:7,1
DA:8,5
DA:9,10
DA:11,5
DA:12,5
DA:15,5
DA:16,1
DA:17,1
DA:21,5
DA:22,5
DA:23,5
DA:26,5
DA:28,5
DA:43,24
DA:64,0
DA:70,7
DA:75,1
DA:85,1
LF:21
LH:20
BRDA:16,0,0,1
BRDA:16,1,0,1
BRDA:16,1,1,1
BRDA:33,2,0,5
BRDA:33,2,1,1
BRDA:39,3,0,5
BRDA:39,3,1,1
BRDA:41,4,0,5
BRDA:41,4,1,3
BRDA:44,5,0,24
BRDA:44,5,1,22
BRDA:45,6,0,24
BRDA:45,6,1,2
BRDA:46,7,0,24
BRDA:46,7,1,2
BRDA:50,8,0,2
BRDA:50,8,1,0
BRDA:50,9,0,0
BRDA:50,9,1,2
BRDA:50,10,0,2
BRDA:50,10,1,2
BRDA:51,11,0,2
BRDA:51,11,1,2
BRDA:60,12,0,5
BRDA:60,12,1,3
BRDA:60,12,2,1
BRDA:64,13,0,5
BRDA:64,13,1,0
BRDA:70,14,0,5
BRDA:70,14,1,2
BRDA:77,15,0,4
BRDA:77,15,1,1
BRF:32
BRH:29
end_of_record
TN:
SF:src\components\BestFurnitureComponent.tsx
FN:4,(anonymous_1)
FNF:1
FNH:1
FNDA:3,(anonymous_1)
DA:2,1
DA:4,1
DA:5,3
DA:20,1
LF:4
LH:4
BRF:0
BRH:0
end_of_record
TN:
SF:src\components\ContactUsComponent.tsx
FN:7,(anonymous_1)
FN:9,(anonymous_2)
FN:12,(anonymous_3)
FN:39,(anonymous_4)
FNF:4
FNH:4
FNDA:9,(anonymous_1)
FNDA:15,(anonymous_2)
FNDA:1,(anonymous_3)
FNDA:2,(anonymous_4)
DA:1,1
DA:2,1
DA:3,1
DA:4,1
DA:7,1
DA:8,9
DA:9,15
DA:10,9
DA:12,9
DA:13,1
DA:14,1
DA:15,1
DA:18,9
DA:39,2
DA:58,1
LF:15
LH:15
BRDA:45,0,0,1
BRDA:45,0,1,8
BRDA:49,1,0,9
BRDA:49,1,1,1
BRDA:49,2,0,1
BRDA:49,2,1,0
BRDA:50,3,0,9
BRDA:50,3,1,1
BRF:8
BRH:7
end_of_record
TN:
SF:src\components\HeroComponent.tsx
FN:7,(anonymous_1)
FN:9,(anonymous_2)
FN:11,(anonymous_3)
FNF:3
FNH:3
FNDA:3,(anonymous_1)
FNDA:6,(anonymous_2)
FNDA:3,(anonymous_3)
DA:1,1
DA:2,1
DA:3,1
DA:5,1
DA:7,1
DA:8,3
DA:9,6
DA:11,3
DA:12,3
DA:15,3
DA:16,1
DA:19,2
DA:20,1
DA:23,1
DA:44,1
LF:15
LH:15
BRDA:15,0,0,1
BRDA:19,1,0,1
BRF:2
BRH:2
end_of_record
TN:
SF:src\components\NewProductComponent.tsx
FN:7,(anonymous_9)
FN:9,(anonymous_10)
FN:16,(anonymous_11)
FN:22,(anonymous_12)
FN:29,(anonymous_13)
FN:37,(anonymous_14)
FN:41,(anonymous_15)
FN:45,(anonymous_16)
FN:76,(anonymous_17)
FNF:9
FNH:4
FNDA:4,(anonymous_9)
FNDA:8,(anonymous_10)
FNDA:4,(anonymous_11)
FNDA:0,(anonymous_12)
FNDA:0,(anonymous_13)
FNDA:0,(anonymous_14)
FNDA:0,(anonymous_15)
FNDA:0,(anonymous_16)
FNDA:2,(anonymous_17)
DA:2,1
DA:3,1
DA:4,1
DA:7,1
DA:8,4
DA:9,8
DA:11,4
DA:12,4
DA:13,4
DA:14,4
DA:16,4
DA:17,4
DA:18,1
DA:22,4
DA:23,0
DA:24,0
DA:25,0
DA:26,0
DA:29,4
DA:30,0
DA:31,0
DA:32,0
DA:33,0
DA:34,0
DA:37,4
DA:38,0
DA:41,4
DA:42,0
DA:45,4
DA:46,0
DA:47,0
DA:48,0
DA:51,4
DA:77,2
DA:101,1
LF:35
LH:21
BRDA:17,0,0,1
BRDA:23,1,0,0
BRDA:30,2,0,0
BRDA:30,3,0,0
BRDA:30,3,1,0
BRDA:46,4,0,0
BRDA:74,5,0,4
BRDA:74,5,1,1
BRDA:75,6,0,4
BRDA:75,6,1,1
BRF:10
BRH:5
end_of_record
TN:
SF:src\components\WeCreateComponent.tsx
FN:10,(anonymous_1)
FN:38,(anonymous_2)
FNF:2
FNH:2
FNDA:5,(anonymous_1)
FNDA:10,(anonymous_2)
DA:2,1
DA:3,1
DA:10,1
DA:11,5
DA:22,5
DA:39,10
DA:59,1
LF:7
LH:7
BRF:0
BRH:0
end_of_record
TN:
SF:src\components\UI\StatsDisplay.tsx
FN:6,(anonymous_0)
FN:9,(anonymous_1)
FN:12,(anonymous_2)
FN:34,(anonymous_3)
FNF:4
FNH:4
FNDA:1,(anonymous_0)
FNDA:2,(anonymous_1)
FNDA:1,(anonymous_2)
FNDA:4,(anonymous_3)
DA:1,1
DA:2,1
DA:3,1
DA:6,1
DA:7,1
DA:8,1
DA:9,2
DA:12,1
DA:13,1
DA:16,1
DA:17,0
DA:20,1
DA:21,0
DA:24,1
DA:31,1
DA:35,4
DA:48,1
LF:17
LH:15
BRDA:16,0,0,0
BRDA:20,1,0,0
BRDA:38,2,0,4
BRDA:38,2,1,3
BRF:4
BRH:2
end_of_record
TN:
SF:src\layouts\FooterLayout.tsx
FN:25,(anonymous_0)
FN:102,(anonymous_1)
FN:106,(anonymous_2)
FNF:3
FNH:3
FNDA:6,(anonymous_0)
FNDA:30,(anonymous_1)
FNDA:120,(anonymous_2)
DA:2,1
DA:8,1
DA:25,1
DA:26,6
DA:74,6
DA:76,6
DA:103,30
DA:107,120
DA:127,1
LF:9
LH:9
BRF:0
BRH:0
end_of_record
TN:
SF:src\layouts\NavbarLayout.tsx
FN:3,(anonymous_0)
FN:8,(anonymous_1)
FN:9,(anonymous_2)
FN:15,(anonymous_3)
FN:20,(anonymous_4)
FN:24,(anonymous_5)
FN:34,(anonymous_6)
FN:55,(anonymous_7)
FNF:8
FNH:5
FNDA:4,(anonymous_0)
FNDA:3,(anonymous_1)
FNDA:1,(anonymous_2)
FNDA:3,(anonymous_3)
FNDA:0,(anonymous_4)
FNDA:0,(anonymous_5)
FNDA:16,(anonymous_6)
FNDA:0,(anonymous_7)
DA:1,1
DA:3,1
DA:4,4
DA:5,4
DA:6,4
DA:8,4
DA:9,3
DA:10,1
DA:11,1
DA:14,3
DA:15,3
DA:16,3
DA:20,4
DA:21,0
DA:24,4
DA:25,0
DA:28,4
DA:35,16
DA:56,0
DA:74,1
LF:20
LH:17
BRDA:30,0,0,1
BRDA:30,0,1,3
BRDA:32,1,0,1
BRDA:32,1,1,3
BRDA:36,2,0,4
BRDA:36,2,1,12
BRDA:44,3,0,1
BRDA:44,3,1,3
BRDA:52,4,0,4
BRDA:52,4,1,0
BRF:10
BRH:9
end_of_record
TN:
SF:src\redux\async\categorySlice.ts
FN:23,(anonymous_8)
FN:24,(anonymous_9)
FN:31,(anonymous_10)
FN:31,(anonymous_11)
FN:44,(anonymous_12)
FN:46,(anonymous_13)
FN:50,(anonymous_14)
FN:54,(anonymous_15)
FNF:8
FNH:8
FNDA:2,(anonymous_8)
FNDA:4,(anonymous_9)
FNDA:2,(anonymous_10)
FNDA:2,(anonymous_11)
FNDA:1,(anonymous_12)
FNDA:3,(anonymous_13)
FNDA:2,(anonymous_14)
FNDA:2,(anonymous_15)
DA:2,1
DA:3,1
DA:16,1
DA:23,1
DA:24,4
DA:31,2
DA:32,2
DA:33,2
DA:34,1
DA:36,1
DA:40,1
DA:45,1
DA:47,3
DA:48,3
DA:51,2
DA:52,2
DA:55,2
DA:56,2
DA:61,1
LF:19
LH:19
BRDA:36,0,0,1
BRDA:36,0,1,0
BRF:2
BRH:1
end_of_record
TN:
SF:src\redux\async\contactSlice.ts
FN:18,(anonymous_8)
FN:18,(anonymous_9)
FN:31,(anonymous_10)
FN:33,(anonymous_11)
FN:38,(anonymous_12)
FN:43,(anonymous_13)
FNF:6
FNH:6
FNDA:2,(anonymous_8)
FNDA:2,(anonymous_9)
FNDA:1,(anonymous_10)
FNDA:1,(anonymous_11)
FNDA:1,(anonymous_12)
FNDA:1,(anonymous_13)
DA:2,1
DA:3,1
DA:11,1
DA:18,2
DA:19,2
DA:20,2
DA:21,1
DA:23,1
DA:27,1
DA:32,1
DA:34,1
DA:35,1
DA:36,1
DA:39,1
DA:40,1
DA:41,1
DA:44,1
DA:45,1
DA:46,1
DA:51,1
LF:20
LH:20
BRDA:23,0,0,1
BRDA:23,0,1,0
BRDA:23,1,0,0
BRDA:23,1,1,1
BRDA:23,2,0,1
BRDA:23,2,1,1
BRDA:23,3,0,0
BRDA:23,3,1,1
BRDA:23,4,0,1
BRDA:23,4,1,1
BRDA:45,5,0,1
BRDA:45,5,1,1
BRDA:45,5,2,0
BRF:13
BRH:9
end_of_record
TN:
SF:src\redux\async\dataSlice.ts
FN:20,(anonymous_8)
FN:20,(anonymous_9)
FN:31,(anonymous_10)
FN:33,(anonymous_11)
FN:36,(anonymous_12)
FN:43,(anonymous_13)
FNF:6
FNH:6
FNDA:3,(anonymous_8)
FNDA:3,(anonymous_9)
FNDA:1,(anonymous_10)
FNDA:3,(anonymous_11)
FNDA:2,(anonymous_12)
FNDA:2,(anonymous_13)
DA:1,2
DA:2,2
DA:12,2
DA:20,3
DA:21,3
DA:24,1
DA:27,2
DA:32,1
DA:34,3
DA:37,2
DA:38,2
DA:39,2
DA:40,2
DA:41,2
DA:44,2
DA:49,2
LF:16
LH:16
BRF:0
BRH:0
end_of_record
TN:
SF:src\redux\async\headerSlice.ts
FN:21,(anonymous_8)
FN:21,(anonymous_9)
FN:30,(anonymous_10)
FN:32,(anonymous_11)
FN:35,(anonymous_12)
FN:41,(anonymous_13)
FNF:6
FNH:5
FNDA:1,(anonymous_8)
FNDA:1,(anonymous_9)
FNDA:1,(anonymous_10)
FNDA:1,(anonymous_11)
FNDA:1,(anonymous_12)
FNDA:0,(anonymous_13)
DA:1,1
DA:2,1
DA:12,1
DA:21,1
DA:22,1
DA:23,1
DA:26,1
DA:31,1
DA:33,1
DA:36,1
DA:37,1
DA:38,1
DA:39,1
DA:42,0
DA:43,0
DA:48,1
LF:16
LH:14
BRDA:43,0,0,0
BRDA:43,0,1,0
BRF:2
BRH:0
end_of_record
TN:
SF:src\redux\async\productSlice.ts
FN:30,(anonymous_8)
FN:30,(anonymous_9)
FN:57,(anonymous_10)
FN:61,(anonymous_11)
FN:63,(anonymous_12)
FN:67,(anonymous_13)
FN:75,(anonymous_14)
FNF:7
FNH:2
FNDA:2,(anonymous_8)
FNDA:2,(anonymous_9)
FNDA:0,(anonymous_10)
FNDA:0,(anonymous_11)
FNDA:0,(anonymous_12)
FNDA:0,(anonymous_13)
FNDA:0,(anonymous_14)
DA:2,1
DA:3,1
DA:30,2
DA:31,2
DA:32,2
DA:35,1
DA:37,1
DA:42,1
DA:53,1
DA:58,0
DA:62,0
DA:64,0
DA:65,0
DA:68,0
DA:69,0
DA:70,0
DA:71,0
DA:72,0
DA:73,0
DA:76,0
DA:77,0
DA:83,1
DA:86,1
LF:23
LH:11
BRDA:30,0,0,0
BRDA:30,1,0,0
BRDA:37,2,0,1
BRDA:37,2,1,0
BRF:4
BRH:1
end_of_record
TN:
SF:src\redux\async\testimonialSlice.ts
FN:31,(anonymous_8)
FN:31,(anonymous_9)
FN:43,(anonymous_10)
FN:47,(anonymous_11)
FN:49,(anonymous_12)
FN:53,(anonymous_13)
FN:58,(anonymous_14)
FNF:7
FNH:2
FNDA:11,(anonymous_8)
FNDA:11,(anonymous_9)
FNDA:0,(anonymous_10)
FNDA:0,(anonymous_11)
FNDA:0,(anonymous_12)
FNDA:0,(anonymous_13)
FNDA:0,(anonymous_14)
DA:1,2
DA:2,2
DA:20,2
DA:29,2
DA:31,11
DA:32,11
DA:35,1
DA:39,2
DA:44,0
DA:48,0
DA:50,0
DA:51,0
DA:54,0
DA:55,0
DA:56,0
DA:59,0
DA:60,0
DA:65,2
DA:67,2
LF:19
LH:10
BRDA:60,0,0,0
BRDA:60,0,1,0
BRF:2
BRH:0
end_of_record
