TN:
SF:src\components\HeroComponent.tsx
FN:5,(anonymous_1)
FNF:1
FNH:1
FNDA:5,(anonymous_1)
DA:2,1
DA:3,1
DA:5,1
DA:6,5
DA:34,1
LF:5
LH:5
BRF:0
BRH:0
end_of_record
TN:
SF:src\layouts\NavbarLayout.tsx
FN:3,(anonymous_0)
FN:8,(anonymous_1)
FN:9,(anonymous_2)
FN:15,(anonymous_3)
FN:20,(anonymous_4)
FN:24,(anonymous_5)
FN:34,(anonymous_6)
FN:55,(anonymous_7)
FNF:8
FNH:5
FNDA:4,(anonymous_0)
FNDA:3,(anonymous_1)
FNDA:1,(anonymous_2)
FNDA:3,(anonymous_3)
FNDA:0,(anonymous_4)
FNDA:0,(anonymous_5)
FNDA:16,(anonymous_6)
FNDA:0,(anonymous_7)
DA:1,1
DA:3,1
DA:4,4
DA:5,4
DA:6,4
DA:8,4
DA:9,3
DA:10,1
DA:11,1
DA:14,3
DA:15,3
DA:16,3
DA:20,4
DA:21,0
DA:24,4
DA:25,0
DA:28,4
DA:35,16
DA:56,0
DA:74,1
LF:20
LH:17
BRDA:30,0,0,1
BRDA:30,0,1,3
BRDA:32,1,0,1
BRDA:32,1,1,3
BRDA:36,2,0,4
BRDA:36,2,1,12
BRDA:44,3,0,1
BRDA:44,3,1,3
BRDA:52,4,0,4
BRDA:52,4,1,0
BRF:10
BRH:9
end_of_record
